<?xml version="1.0" encoding="UTF-8"?>
<testng-results skipped="0" failed="0" ignored="0" total="1" passed="1">
  <reporter-output>
    <line>
      <![CDATA[hiii]]>
    </line>
  </reporter-output>
  <suite name="Suite" duration-ms="43" started-at="2019-03-19T23:46:36Z" finished-at="2019-03-19T23:46:36Z">
    <groups>
    </groups>
    <test name="Test" duration-ms="43" started-at="2019-03-19T23:46:36Z" finished-at="2019-03-19T23:46:36Z">
      <class name="dempo.testclass">
        <test-method status="PASS" signature="test()[pri:0, instance:dempo.testclass@2ac1fdc4]" name="test" duration-ms="6" started-at="2019-03-19T23:46:36Z" finished-at="2019-03-19T23:46:36Z">
          <reporter-output>
            <line>
              <![CDATA[hiii]]>
            </line>
          </reporter-output>
        </test-method> <!-- test -->
      </class> <!-- dempo.testclass -->
    </test> <!-- Test -->
  </suite> <!-- Suite -->
</testng-results>
